c:\users\carmine\google drive\ium\final\3dsculpting\sculptor\debug\vc140.pdb
c:\users\carmine\google drive\ium\final\3dsculpting\sculptor\debug\sculptor.obj
c:\users\carmine\google drive\ium\final\3dsculpting\sculptor\debug\mpvector.obj
c:\users\carmine\google drive\ium\final\3dsculpting\sculptor\debug\marchingcubes.obj
c:\users\carmine\google drive\ium\final\3dsculpting\sculptor\debug\main.obj
c:\users\carmine\google drive\ium\final\3dsculpting\sculptor\debug\moc_sculptor.obj
c:\users\carmine\google drive\ium\final\3dsculpting\sculptor\debug\qrc_sculptor.obj
c:\users\carmine\google drive\ium\final\3dsculpting\sculptor\generatedfiles\ui_sculptor.h
c:\users\carmine\google drive\ium\final\3dsculpting\sculptor\generatedfiles\qrc_sculptor.cpp
c:\users\carmine\google drive\ium\final\3dsculpting\sculptor\generatedfiles\debug\moc_sculptor.cpp
c:\users\carmine\google drive\ium\final\3dsculpting\sculptor\win32\debug\sculptor.ilk
c:\users\carmine\google drive\ium\final\3dsculpting\sculptor\win32\debug\sculptor.exe
c:\users\carmine\google drive\ium\final\3dsculpting\sculptor\win32\debug\sculptor.pdb
c:\users\carmine\google drive\ium\final\3dsculpting\sculptor\debug\sculptor.tlog\cl.command.1.tlog
c:\users\carmine\google drive\ium\final\3dsculpting\sculptor\debug\sculptor.tlog\cl.read.1.tlog
c:\users\carmine\google drive\ium\final\3dsculpting\sculptor\debug\sculptor.tlog\cl.write.1.tlog
c:\users\carmine\google drive\ium\final\3dsculpting\sculptor\debug\sculptor.tlog\custombuild.command.1.tlog
c:\users\carmine\google drive\ium\final\3dsculpting\sculptor\debug\sculptor.tlog\custombuild.read.1.tlog
c:\users\carmine\google drive\ium\final\3dsculpting\sculptor\debug\sculptor.tlog\custombuild.write.1.tlog
c:\users\carmine\google drive\ium\final\3dsculpting\sculptor\debug\sculptor.tlog\link.command.1.tlog
c:\users\carmine\google drive\ium\final\3dsculpting\sculptor\debug\sculptor.tlog\link.read.1.tlog
c:\users\carmine\google drive\ium\final\3dsculpting\sculptor\debug\sculptor.tlog\link.write.1.tlog
